Build started 2013-08-27 19:55:25.
     1>Project "C:\Users\frk\documents\visual studio 2010\Projects\showImage\showImage\showImage.vcxproj" on node 2 (build target(s)).
     1>InitializeBuildStatus:
         Touching "Debug\showImage.unsuccessfulbuild".
       CustomBuild:
         All outputs are up-to-date.
       ClCompile:
         C:\Program Files (x86)\Microsoft Visual Studio 10.0\VC\bin\CL.exe /c /I"C:\Users\frk\Documents\Visual Studio 2010\Projects\showImage\showImage\headers" /I.\GeneratedFiles /I. /IC:\Qt\4.8.4\include /I.\GeneratedFiles\Debug /IC:\Qt\4.8.4\include\QtCore /IC:\Qt\4.8.4\include\QtGui /IC:\Qt\4.8.4\include\QtMultimedia /Zi /nologo /W1 /WX- /Od /Oy- /D UNICODE /D WIN32 /D QT_LARGEFILE_SUPPORT /D QT_DLL /D QT_CORE_LIB /D QT_GUI_LIB /D QT_MULTIMEDIA_LIB /Gm- /EHsc /MDd /GS /fp:precise /Zc:wchar_t- /Zc:forScope /Fo"Debug\\" /Fd"Debug\vc100.pdb" /Gd /TP /analyze- /errorReport:prompt ImageProcess.cpp MainWindow.cpp
         ImageProcess.cpp
     1>CL : warning : Inclusion of header files from include/Qt is deprecated.
         MainWindow.cpp
     1>CL : warning : Inclusion of header files from include/Qt is deprecated.
     1>CL : warning : Inclusion of header files from include/Qt is deprecated.
     1>CL : warning : Inclusion of header files from include/Qt is deprecated.
     1>CL : warning : Inclusion of header files from include/Qt is deprecated.
         Generating Code...
         All outputs are up-to-date.
       Link:
         C:\Program Files (x86)\Microsoft Visual Studio 10.0\VC\bin\link.exe /ERRORREPORT:PROMPT /OUT:"C:\Users\frk\documents\visual studio 2010\Projects\showImage\Win32\Debug\\showImage.exe" /NOLOGO /LIBPATH:"C:\Users\frk\Documents\Visual Studio 2010\Projects\showImage\showImage\lib" /LIBPATH:C:\Qt\4.8.4\lib qtmaind.lib QtCored4.lib QtGuid4.lib QtMultimediad4.lib opencl.lib kernel32.lib user32.lib gdi32.lib winspool.lib comdlg32.lib advapi32.lib shell32.lib ole32.lib oleaut32.lib uuid.lib odbc32.lib odbccp32.lib /MANIFEST /ManifestFile:"Debug\showImage.exe.intermediate.manifest" /MANIFESTUAC:"level='asInvoker' uiAccess='false'" /DEBUG /PDB:"C:\Users\frk\documents\visual studio 2010\Projects\showImage\Win32\Debug\showImage.pdb" /SUBSYSTEM:WINDOWS /TLBID:1 /DYNAMICBASE /NXCOMPAT /IMPLIB:"C:\Users\frk\documents\visual studio 2010\Projects\showImage\Win32\Debug\showImage.lib" /MACHINE:X86 Debug\moc_MainWindow.obj
         Debug\qrc_showimage.obj
         Debug\ImageProcess.obj
         Debug\main.obj
         Debug\MainWindow.obj
         Debug\OpenCL.obj
         Debug\OpenClDeviceInfo.obj
         LINK : C:\Users\frk\documents\visual studio 2010\Projects\showImage\Win32\Debug\\showImage.exe not found or not built by the last incremental link; performing full link
         showImage.vcxproj -> C:\Users\frk\documents\visual studio 2010\Projects\showImage\Win32\Debug\showImage.exe
       Manifest:
         C:\Program Files (x86)\Microsoft SDKs\Windows\v7.0A\bin\mt.exe /nologo /verbose /outputresource:"C:\Users\frk\documents\visual studio 2010\Projects\showImage\Win32\Debug\\showImage.exe;#1" /manifest Debug\showImage.exe.intermediate.manifest
       FinalizeBuildStatus:
         Deleting file "Debug\showImage.unsuccessfulbuild".
         Touching "Debug\showImage.lastbuildstate".
     1>Done Building Project "C:\Users\frk\documents\visual studio 2010\Projects\showImage\showImage\showImage.vcxproj" (build target(s)).

Build succeeded.

Time Elapsed 00:00:16.49
